<?xml version="1.0" encoding="utf-8"?><testsuites name="pytest tests"><testsuite name="pytest" errors="0" failures="0" skipped="0" tests="17" time="5.230" timestamp="2026-03-02T12:25:20.088177+00:00" hostname="agent-env-fc06cca8-183a-4f93-b391-63866979d6e7"><testcase classname="backend.tests.test_worksheets_api.TestAuthentication" name="test_admin_login" time="0.146" /><testcase classname="backend.tests.test_worksheets_api.TestAuthentication" name="test_teacher_login" time="0.100" /><testcase classname="backend.tests.test_worksheets_api.TestAuthentication" name="test_student_login" time="0.102" /><testcase classname="backend.tests.test_worksheets_api.TestAuthentication" name="test_invalid_login" time="0.102" /><testcase classname="backend.tests.test_worksheets_api.TestTeacherDashboard" name="test_teacher_dashboard_loads" time="0.220" /><testcase classname="backend.tests.test_worksheets_api.TestClassStudentsPerformance" name="test_get_class_students_performance" time="0.203" /><testcase classname="backend.tests.test_worksheets_api.TestClassStudentsPerformance" name="test_class_students_different_grades" time="0.312" /><testcase classname="backend.tests.test_worksheets_api.TestStudentNotes" name="test_save_student_note" time="0.309" /><testcase classname="backend.tests.test_worksheets_api.TestStudentNotes" name="test_note_persists" time="0.425" /><testcase classname="backend.tests.test_worksheets_api.TestStudentNotes" name="test_bulk_notes_save" time="0.302" /><testcase classname="backend.tests.test_worksheets_api.TestWorksheets" name="test_get_worksheets" time="0.207" /><testcase classname="backend.tests.test_worksheets_api.TestWorksheets" name="test_upload_worksheet" time="0.322" /><testcase classname="backend.tests.test_worksheets_api.TestWorksheets" name="test_worksheet_levels" time="1.318" /><testcase classname="backend.tests.test_worksheets_api.TestWorksheets" name="test_delete_worksheet" time="0.316" /><testcase classname="backend.tests.test_worksheets_api.TestMarksAsIntegers" name="test_marks_are_integers_in_students_list" time="0.240" /><testcase classname="backend.tests.test_worksheets_api.TestMarksAsIntegers" name="test_marks_are_integers_in_student_detail" time="0.317" /><testcase classname="backend.tests.test_worksheets_api.TestDashboardStats" name="test_dashboard_stats" time="0.219" /></testsuite></testsuites>